<?xml version="1.0" encoding="UTF-8"?>
<coverage generated="1611346060500" clover="3.2.0">
  <project timestamp="1611346060501" name="All files">
    <metrics statements="38" coveredstatements="37" conditionals="8" coveredconditionals="8" methods="13" coveredmethods="12" elements="59" coveredelements="57" complexity="0" loc="38" ncloc="38" packages="1" files="7" classes="7"/>
    <file name="cloneArray.js" path="/Users/patrickdohn/Work/testing-practice/cloneArray.js">
      <metrics statements="2" coveredstatements="2" conditionals="0" coveredconditionals="0" methods="1" coveredmethods="1"/>
      <line num="2" count="2" type="stmt"/>
      <line num="5" count="1" type="stmt"/>
    </file>
    <file name="fizzbuzz.js" path="/Users/patrickdohn/Work/testing-practice/fizzbuzz.js">
      <metrics statements="13" coveredstatements="13" conditionals="8" coveredconditionals="8" methods="1" coveredmethods="1"/>
      <line num="1" count="1" type="stmt"/>
      <line num="2" count="4" type="stmt"/>
      <line num="3" count="4" type="stmt"/>
      <line num="4" count="38" type="cond" truecount="4" falsecount="0"/>
      <line num="5" count="2" type="stmt"/>
      <line num="6" count="36" type="cond" truecount="2" falsecount="0"/>
      <line num="7" count="5" type="stmt"/>
      <line num="8" count="31" type="cond" truecount="2" falsecount="0"/>
      <line num="9" count="10" type="stmt"/>
      <line num="11" count="21" type="stmt"/>
      <line num="14" count="4" type="stmt"/>
      <line num="17" count="1" type="stmt"/>
      <line num="18" count="1" type="stmt"/>
    </file>
    <file name="functions.js" path="/Users/patrickdohn/Work/testing-practice/functions.js">
      <metrics statements="12" coveredstatements="11" conditionals="0" coveredconditionals="0" methods="7" coveredmethods="6"/>
      <line num="1" count="1" type="stmt"/>
      <line num="3" count="1" type="stmt"/>
      <line num="4" count="2" type="stmt"/>
      <line num="5" count="1" type="stmt"/>
      <line num="6" count="1" type="stmt"/>
      <line num="8" count="1" type="stmt"/>
      <line num="9" count="1" type="stmt"/>
      <line num="10" count="1" type="stmt"/>
      <line num="12" count="1" type="stmt"/>
      <line num="13" count="1" type="stmt"/>
      <line num="14" count="0" type="stmt"/>
      <line num="17" count="1" type="stmt"/>
    </file>
    <file name="reverseStr.js" path="/Users/patrickdohn/Work/testing-practice/reverseStr.js">
      <metrics statements="3" coveredstatements="3" conditionals="0" coveredconditionals="0" methods="1" coveredmethods="1"/>
      <line num="1" count="1" type="stmt"/>
      <line num="2" count="1" type="stmt"/>
      <line num="5" count="1" type="stmt"/>
    </file>
    <file name="romanMap.js" path="/Users/patrickdohn/Work/testing-practice/romanMap.js">
      <metrics statements="4" coveredstatements="4" conditionals="0" coveredconditionals="0" methods="1" coveredmethods="1"/>
      <line num="1" count="1" type="stmt"/>
      <line num="14" count="1" type="stmt"/>
      <line num="15" count="2" type="stmt"/>
      <line num="18" count="1" type="stmt"/>
    </file>
    <file name="subtract.js" path="/Users/patrickdohn/Work/testing-practice/subtract.js">
      <metrics statements="2" coveredstatements="2" conditionals="0" coveredconditionals="0" methods="1" coveredmethods="1"/>
      <line num="2" count="1" type="stmt"/>
      <line num="5" count="1" type="stmt"/>
    </file>
    <file name="sum.js" path="/Users/patrickdohn/Work/testing-practice/sum.js">
      <metrics statements="2" coveredstatements="2" conditionals="0" coveredconditionals="0" methods="1" coveredmethods="1"/>
      <line num="2" count="7" type="stmt"/>
      <line num="5" count="1" type="stmt"/>
    </file>
  </project>
</coverage>
