{"/Users/patrickdohn/Work/testing-practice/cloneArray.js": {"path":"/Users/patrickdohn/Work/testing-practice/cloneArray.js","statementMap":{"0":{"start":{"line":2,"column":4},"end":{"line":2,"column":21}},"1":{"start":{"line":5,"column":0},"end":{"line":5,"column":27}}},"fnMap":{"0":{"name":"cloneArray","decl":{"start":{"line":1,"column":9},"end":{"line":1,"column":19}},"loc":{"start":{"line":1,"column":27},"end":{"line":3,"column":1}},"line":1}},"branchMap":{},"s":{"0":2,"1":1},"f":{"0":2},"b":{},"_coverageSchema":"1a1c01bbd47fc00a2c39e90264f33305004495a9","hash":"15dd75ed257d7a41031d0282bb6bee19d2eb5cb0"}
,"/Users/patrickdohn/Work/testing-practice/fizzbuzz.js": {"path":"/Users/patrickdohn/Work/testing-practice/fizzbuzz.js","statementMap":{"0":{"start":{"line":1,"column":17},"end":{"line":15,"column":1}},"1":{"start":{"line":2,"column":14},"end":{"line":2,"column":17}},"2":{"start":{"line":3,"column":4},"end":{"line":13,"column":5}},"3":{"start":{"line":3,"column":16},"end":{"line":3,"column":17}},"4":{"start":{"line":4,"column":8},"end":{"line":12,"column":9}},"5":{"start":{"line":5,"column":12},"end":{"line":5,"column":32}},"6":{"start":{"line":6,"column":15},"end":{"line":12,"column":9}},"7":{"start":{"line":7,"column":12},"end":{"line":7,"column":28}},"8":{"start":{"line":8,"column":15},"end":{"line":12,"column":9}},"9":{"start":{"line":9,"column":12},"end":{"line":9,"column":28}},"10":{"start":{"line":11,"column":12},"end":{"line":11,"column":23}},"11":{"start":{"line":14,"column":4},"end":{"line":14,"column":14}},"12":{"start":{"line":17,"column":0},"end":{"line":17,"column":25}},"13":{"start":{"line":19,"column":0},"end":{"line":19,"column":25}}},"fnMap":{"0":{"name":"(anonymous_0)","decl":{"start":{"line":1,"column":17},"end":{"line":1,"column":18}},"loc":{"start":{"line":1,"column":26},"end":{"line":15,"column":1}},"line":1}},"branchMap":{"0":{"loc":{"start":{"line":4,"column":8},"end":{"line":12,"column":9}},"type":"if","locations":[{"start":{"line":4,"column":8},"end":{"line":12,"column":9}},{"start":{"line":4,"column":8},"end":{"line":12,"column":9}}],"line":4},"1":{"loc":{"start":{"line":4,"column":11},"end":{"line":4,"column":37}},"type":"binary-expr","locations":[{"start":{"line":4,"column":11},"end":{"line":4,"column":22}},{"start":{"line":4,"column":26},"end":{"line":4,"column":37}}],"line":4},"2":{"loc":{"start":{"line":6,"column":15},"end":{"line":12,"column":9}},"type":"if","locations":[{"start":{"line":6,"column":15},"end":{"line":12,"column":9}},{"start":{"line":6,"column":15},"end":{"line":12,"column":9}}],"line":6},"3":{"loc":{"start":{"line":8,"column":15},"end":{"line":12,"column":9}},"type":"if","locations":[{"start":{"line":8,"column":15},"end":{"line":12,"column":9}},{"start":{"line":8,"column":15},"end":{"line":12,"column":9}}],"line":8}},"s":{"0":1,"1":3,"2":3,"3":3,"4":23,"5":1,"6":22,"7":3,"8":19,"9":6,"10":13,"11":3,"12":1,"13":1},"f":{"0":3},"b":{"0":[1,22],"1":[23,4],"2":[3,19],"3":[6,13]},"_coverageSchema":"1a1c01bbd47fc00a2c39e90264f33305004495a9","hash":"81ea0f5d1040df54f8c3b3f586c6d629d7464da6"}
,"/Users/patrickdohn/Work/testing-practice/functions.js": {"path":"/Users/patrickdohn/Work/testing-practice/functions.js","statementMap":{"0":{"start":{"line":1,"column":14},"end":{"line":1,"column":30}},"1":{"start":{"line":3,"column":18},"end":{"line":15,"column":1}},"2":{"start":{"line":4,"column":25},"end":{"line":4,"column":36}},"3":{"start":{"line":5,"column":18},"end":{"line":5,"column":22}},"4":{"start":{"line":6,"column":21},"end":{"line":6,"column":22}},"5":{"start":{"line":8,"column":21},"end":{"line":8,"column":45}},"6":{"start":{"line":9,"column":8},"end":{"line":9,"column":33}},"7":{"start":{"line":10,"column":8},"end":{"line":10,"column":19}},"8":{"start":{"line":12,"column":21},"end":{"line":14,"column":30}},"9":{"start":{"line":13,"column":21},"end":{"line":13,"column":29}},"10":{"start":{"line":14,"column":22},"end":{"line":14,"column":29}},"11":{"start":{"line":17,"column":0},"end":{"line":17,"column":26}}},"fnMap":{"0":{"name":"(anonymous_0)","decl":{"start":{"line":4,"column":9},"end":{"line":4,"column":10}},"loc":{"start":{"line":4,"column":25},"end":{"line":4,"column":36}},"line":4},"1":{"name":"(anonymous_1)","decl":{"start":{"line":5,"column":12},"end":{"line":5,"column":13}},"loc":{"start":{"line":5,"column":18},"end":{"line":5,"column":22}},"line":5},"2":{"name":"(anonymous_2)","decl":{"start":{"line":6,"column":16},"end":{"line":6,"column":17}},"loc":{"start":{"line":6,"column":21},"end":{"line":6,"column":22}},"line":6},"3":{"name":"(anonymous_3)","decl":{"start":{"line":7,"column":16},"end":{"line":7,"column":17}},"loc":{"start":{"line":7,"column":22},"end":{"line":11,"column":5}},"line":7},"4":{"name":"(anonymous_4)","decl":{"start":{"line":12,"column":15},"end":{"line":12,"column":16}},"loc":{"start":{"line":12,"column":21},"end":{"line":14,"column":30}},"line":12},"5":{"name":"(anonymous_5)","decl":{"start":{"line":13,"column":14},"end":{"line":13,"column":15}},"loc":{"start":{"line":13,"column":21},"end":{"line":13,"column":29}},"line":13},"6":{"name":"(anonymous_6)","decl":{"start":{"line":14,"column":15},"end":{"line":14,"column":16}},"loc":{"start":{"line":14,"column":22},"end":{"line":14,"column":29}},"line":14}},"branchMap":{},"s":{"0":1,"1":1,"2":2,"3":1,"4":1,"5":1,"6":1,"7":1,"8":1,"9":1,"10":0,"11":1},"f":{"0":2,"1":1,"2":1,"3":1,"4":1,"5":1,"6":0},"b":{},"_coverageSchema":"1a1c01bbd47fc00a2c39e90264f33305004495a9","hash":"4aae6722123e163c05258554a550bfc468eb3c99"}
,"/Users/patrickdohn/Work/testing-practice/reverseStr.js": {"path":"/Users/patrickdohn/Work/testing-practice/reverseStr.js","statementMap":{"0":{"start":{"line":1,"column":19},"end":{"line":3,"column":1}},"1":{"start":{"line":2,"column":4},"end":{"line":2,"column":43}},"2":{"start":{"line":5,"column":0},"end":{"line":5,"column":27}}},"fnMap":{"0":{"name":"(anonymous_0)","decl":{"start":{"line":1,"column":19},"end":{"line":1,"column":20}},"loc":{"start":{"line":1,"column":26},"end":{"line":3,"column":1}},"line":1}},"branchMap":{},"s":{"0":1,"1":1,"2":1},"f":{"0":1},"b":{},"_coverageSchema":"1a1c01bbd47fc00a2c39e90264f33305004495a9","hash":"4338e262ccf8152b766ee750cd0ad1615968673b"}
,"/Users/patrickdohn/Work/testing-practice/romanMap.js": {"path":"/Users/patrickdohn/Work/testing-practice/romanMap.js","statementMap":{"0":{"start":{"line":1,"column":17},"end":{"line":12,"column":1}},"1":{"start":{"line":14,"column":19},"end":{"line":16,"column":1}},"2":{"start":{"line":15,"column":4},"end":{"line":15,"column":35}},"3":{"start":{"line":18,"column":0},"end":{"line":18,"column":27}}},"fnMap":{"0":{"name":"(anonymous_0)","decl":{"start":{"line":14,"column":19},"end":{"line":14,"column":20}},"loc":{"start":{"line":14,"column":33},"end":{"line":16,"column":1}},"line":14}},"branchMap":{},"s":{"0":1,"1":1,"2":2,"3":1},"f":{"0":2},"b":{},"_coverageSchema":"1a1c01bbd47fc00a2c39e90264f33305004495a9","hash":"9dc350ef95e1626205340dc0c655b824130348d3"}
,"/Users/patrickdohn/Work/testing-practice/subtract.js": {"path":"/Users/patrickdohn/Work/testing-practice/subtract.js","statementMap":{"0":{"start":{"line":2,"column":4},"end":{"line":2,"column":16}},"1":{"start":{"line":5,"column":0},"end":{"line":5,"column":26}}},"fnMap":{"0":{"name":"subtract","decl":{"start":{"line":1,"column":9},"end":{"line":1,"column":17}},"loc":{"start":{"line":1,"column":24},"end":{"line":3,"column":1}},"line":1}},"branchMap":{},"s":{"0":1,"1":1},"f":{"0":1},"b":{},"_coverageSchema":"1a1c01bbd47fc00a2c39e90264f33305004495a9","hash":"c0bd20816c3a4fb08258ef3f5c37e7c20518e056"}
,"/Users/patrickdohn/Work/testing-practice/sum.js": {"path":"/Users/patrickdohn/Work/testing-practice/sum.js","statementMap":{"0":{"start":{"line":2,"column":4},"end":{"line":2,"column":16}},"1":{"start":{"line":5,"column":0},"end":{"line":5,"column":21}}},"fnMap":{"0":{"name":"sum","decl":{"start":{"line":1,"column":9},"end":{"line":1,"column":12}},"loc":{"start":{"line":1,"column":19},"end":{"line":3,"column":1}},"line":1}},"branchMap":{},"s":{"0":7,"1":1},"f":{"0":7},"b":{},"_coverageSchema":"1a1c01bbd47fc00a2c39e90264f33305004495a9","hash":"ae8c9cb4c386cb7d1a2891d4edc81a281ed8df31"}
}
